{"level":"info","message":"Initializing Automation Workers (Cron)...","service":"gym-saas-api","timestamp":"2026-05-12 14:24:39"}
{"level":"info","message":"All Background Workers Scheduled.","service":"gym-saas-api","timestamp":"2026-05-12 14:24:39"}
{"level":"info","message":"System Operational on Node Hub: 5000","service":"gym-saas-api","timestamp":"2026-05-12 14:24:40"}
{"level":"warn","message":"Infrastructure Alert: Redis is offline. Background workers (Sync/Notifications) are suspended.","service":"gym-saas-api","timestamp":"2026-05-12 14:24:40"}
{"duration":"1794ms","ip":"::1","level":"warn","message":"[PERF_ALERT] Slow Request: POST /api/auth/login","method":"POST","service":"gym-saas-api","status":200,"timestamp":"2026-05-12 14:25:13","url":"/api/auth/login","user":"anonymous"}
{"level":"info","message":"Socket Connected: User fc140650-8fca-4dd8-9acc-87a688cab169 joined room gym_59122b66-f9e4-4ad7-a189-e5cb3c52d478","service":"gym-saas-api","timestamp":"2026-05-12 14:25:13"}
{"duration":"1376ms","ip":"::1","level":"warn","message":"[PERF_ALERT] Slow Request: GET /api/reports/dashboard","method":"GET","service":"gym-saas-api","status":304,"timestamp":"2026-05-12 14:25:15","url":"/api/reports/dashboard","user":"fc140650-8fca-4dd8-9acc-87a688cab169"}
{"duration":"1689ms","ip":"::1","level":"warn","message":"[PERF_ALERT] Slow Request: GET /api/reports/dashboard","method":"GET","service":"gym-saas-api","status":304,"timestamp":"2026-05-12 14:25:16","url":"/api/reports/dashboard","user":"fc140650-8fca-4dd8-9acc-87a688cab169"}
{"level":"info","message":"Socket Disconnected: User fc140650-8fca-4dd8-9acc-87a688cab169","service":"gym-saas-api","timestamp":"2026-05-12 14:25:22"}
{"duration":"1606ms","ip":"::1","level":"warn","message":"[PERF_ALERT] Slow Request: POST /api/auth/login","method":"POST","service":"gym-saas-api","status":200,"timestamp":"2026-05-12 14:26:11","url":"/api/auth/login","user":"anonymous"}
{"level":"info","message":"Socket Connected: User fc140650-8fca-4dd8-9acc-87a688cab169 joined room gym_59122b66-f9e4-4ad7-a189-e5cb3c52d478","service":"gym-saas-api","timestamp":"2026-05-12 14:26:11"}
{"duration":"1179ms","ip":"::1","level":"warn","message":"[PERF_ALERT] Slow Request: GET /api/reports/dashboard","method":"GET","service":"gym-saas-api","status":304,"timestamp":"2026-05-12 14:26:12","url":"/api/reports/dashboard","user":"fc140650-8fca-4dd8-9acc-87a688cab169"}
{"duration":"1172ms","ip":"::1","level":"warn","message":"[PERF_ALERT] Slow Request: GET /api/reports/dashboard","method":"GET","service":"gym-saas-api","status":304,"timestamp":"2026-05-12 14:26:14","url":"/api/reports/dashboard","user":"fc140650-8fca-4dd8-9acc-87a688cab169"}
{"duration":"1227ms","ip":"::1","level":"warn","message":"[PERF_ALERT] Slow Request: GET /api/members","method":"GET","service":"gym-saas-api","status":304,"timestamp":"2026-05-12 14:26:33","url":"/api/members","user":"fc140650-8fca-4dd8-9acc-87a688cab169"}
{"duration":"1606ms","ip":"::1","level":"warn","message":"[PERF_ALERT] Slow Request: GET /api/members/profile/abe1cc4e-bb01-4940-b787-83170fbab278","method":"GET","service":"gym-saas-api","status":304,"timestamp":"2026-05-12 14:26:52","url":"/api/members/profile/abe1cc4e-bb01-4940-b787-83170fbab278","user":"fc140650-8fca-4dd8-9acc-87a688cab169"}
{"duration":"452ms","ip":"::1","level":"info","message":"GET /api/members/profile/abe1cc4e-bb01-4940-b787-83170fbab278 - 304","method":"GET","service":"gym-saas-api","status":304,"timestamp":"2026-05-12 14:26:53","url":"/api/members/profile/abe1cc4e-bb01-4940-b787-83170fbab278","user":"fc140650-8fca-4dd8-9acc-87a688cab169"}
{"duration":"1068ms","ip":"::1","level":"warn","message":"[PERF_ALERT] Slow Request: GET /api/payments","method":"GET","service":"gym-saas-api","status":304,"timestamp":"2026-05-12 14:27:07","url":"/api/payments","user":"fc140650-8fca-4dd8-9acc-87a688cab169"}
{"duration":"1131ms","ip":"::1","level":"warn","message":"[PERF_ALERT] Slow Request: GET /api/plans","method":"GET","service":"gym-saas-api","status":304,"timestamp":"2026-05-12 14:27:07","url":"/api/plans","user":"fc140650-8fca-4dd8-9acc-87a688cab169"}
{"duration":"153ms","ip":"::1","level":"info","message":"GET /api/payments - 304","method":"GET","service":"gym-saas-api","status":304,"timestamp":"2026-05-12 14:27:07","url":"/api/payments","user":"fc140650-8fca-4dd8-9acc-87a688cab169"}
{"duration":"159ms","ip":"::1","level":"info","message":"GET /api/plans - 304","method":"GET","service":"gym-saas-api","status":304,"timestamp":"2026-05-12 14:27:07","url":"/api/plans","user":"fc140650-8fca-4dd8-9acc-87a688cab169"}
{"duration":"1389ms","ip":"::1","level":"warn","message":"[PERF_ALERT] Slow Request: GET /api/members?limit=100","method":"GET","service":"gym-saas-api","status":304,"timestamp":"2026-05-12 14:27:07","url":"/api/members?limit=100","user":"fc140650-8fca-4dd8-9acc-87a688cab169"}
{"duration":"345ms","ip":"::1","level":"info","message":"GET /api/members?limit=100 - 304","method":"GET","service":"gym-saas-api","status":304,"timestamp":"2026-05-12 14:27:08","url":"/api/members?limit=100","user":"fc140650-8fca-4dd8-9acc-87a688cab169"}
{"duration":"1144ms","ip":"::1","level":"warn","message":"[PERF_ALERT] Slow Request: GET /api/plans","method":"GET","service":"gym-saas-api","status":304,"timestamp":"2026-05-12 14:27:29","url":"/api/plans","user":"fc140650-8fca-4dd8-9acc-87a688cab169"}
{"duration":"151ms","ip":"::1","level":"info","message":"GET /api/plans - 304","method":"GET","service":"gym-saas-api","status":304,"timestamp":"2026-05-12 14:27:29","url":"/api/plans","user":"fc140650-8fca-4dd8-9acc-87a688cab169"}
{"level":"info","message":"Socket Disconnected: User fc140650-8fca-4dd8-9acc-87a688cab169","service":"gym-saas-api","timestamp":"2026-05-12 15:34:54"}
{"level":"info","message":"[Worker] Refreshing global analytics cache...","service":"gym-saas-api","timestamp":"2026-05-12 18:00:00"}
{"level":"info","message":"Starting Global Analytics Refresh Job...","service":"gym-saas-api","timestamp":"2026-05-12 18:00:00"}
{"level":"error","message":"Analytics Refresh Failed: column \"total_active_members\" of relation \"daily_stats\" does not exist","service":"gym-saas-api","timestamp":"2026-05-12 18:00:02"}
