{"level":"info","message":"Initializing Automation Workers (Cron)...","service":"gym-saas-api","timestamp":"2026-05-13 17:25:44"}
{"level":"info","message":"All Background Workers Scheduled.","service":"gym-saas-api","timestamp":"2026-05-13 17:25:44"}
{"level":"info","message":"System Operational on Node Hub: 5000","service":"gym-saas-api","timestamp":"2026-05-13 17:25:45"}
{"level":"warn","message":"Infrastructure Alert: Redis is offline. Background workers (Sync/Notifications) are suspended.","service":"gym-saas-api","timestamp":"2026-05-13 17:25:45"}
{"error":"jwt expired","level":"error","message":"Token verification failed for path /api/reports/dashboard: jwt expired","name":"TokenExpiredError","service":"gym-saas-api","timestamp":"2026-05-13 17:25:45","token":"eyJhbGciOi..."}
{"duration":"12ms","ip":"::1","level":"info","message":"GET /api/reports/dashboard - 401","method":"GET","service":"gym-saas-api","status":401,"timestamp":"2026-05-13 17:25:45","url":"/api/reports/dashboard","user":"anonymous"}
{"error":"jwt expired","level":"error","message":"Token verification failed for path /api/reports/dashboard: jwt expired","name":"TokenExpiredError","service":"gym-saas-api","timestamp":"2026-05-13 17:25:45","token":"eyJhbGciOi..."}
{"duration":"2ms","ip":"::1","level":"info","message":"GET /api/reports/dashboard - 401","method":"GET","service":"gym-saas-api","status":401,"timestamp":"2026-05-13 17:25:45","url":"/api/reports/dashboard","user":"anonymous"}
{"duration":"1058ms","ip":"::1","level":"warn","message":"[PERF_ALERT] Slow Request: POST /api/auth/refresh","method":"POST","service":"gym-saas-api","status":200,"timestamp":"2026-05-13 17:25:47","url":"/api/auth/refresh","user":"anonymous"}
{"duration":"1055ms","ip":"::1","level":"warn","message":"[PERF_ALERT] Slow Request: POST /api/auth/refresh","method":"POST","service":"gym-saas-api","status":200,"timestamp":"2026-05-13 17:25:47","url":"/api/auth/refresh","user":"anonymous"}
{"level":"info","message":"Socket Connected: User fc140650-8fca-4dd8-9acc-87a688cab169 joined room gym_59122b66-f9e4-4ad7-a189-e5cb3c52d478","service":"gym-saas-api","timestamp":"2026-05-13 17:25:47"}
{"duration":"1213ms","ip":"::1","level":"warn","message":"[PERF_ALERT] Slow Request: GET /api/reports/dashboard","method":"GET","service":"gym-saas-api","status":304,"timestamp":"2026-05-13 17:25:48","url":"/api/reports/dashboard","user":"fc140650-8fca-4dd8-9acc-87a688cab169"}
{"duration":"1157ms","ip":"::1","level":"warn","message":"[PERF_ALERT] Slow Request: GET /api/reports/dashboard","method":"GET","service":"gym-saas-api","status":304,"timestamp":"2026-05-13 17:25:49","url":"/api/reports/dashboard","user":"fc140650-8fca-4dd8-9acc-87a688cab169"}
{"duration":"1333ms","ip":"::1","level":"warn","message":"[PERF_ALERT] Slow Request: GET /api/members","method":"GET","service":"gym-saas-api","status":304,"timestamp":"2026-05-13 17:26:56","url":"/api/members","user":"fc140650-8fca-4dd8-9acc-87a688cab169"}
{"duration":"153ms","ip":"::1","level":"info","message":"GET /api/payments - 304","method":"GET","service":"gym-saas-api","status":304,"timestamp":"2026-05-13 17:26:59","url":"/api/payments","user":"fc140650-8fca-4dd8-9acc-87a688cab169"}
{"duration":"161ms","ip":"::1","level":"info","message":"GET /api/payments - 304","method":"GET","service":"gym-saas-api","status":304,"timestamp":"2026-05-13 17:26:59","url":"/api/payments","user":"fc140650-8fca-4dd8-9acc-87a688cab169"}
{"duration":"1022ms","ip":"::1","level":"warn","message":"[PERF_ALERT] Slow Request: GET /api/plans","method":"GET","service":"gym-saas-api","status":304,"timestamp":"2026-05-13 17:27:00","url":"/api/plans","user":"fc140650-8fca-4dd8-9acc-87a688cab169"}
{"duration":"1153ms","ip":"::1","level":"warn","message":"[PERF_ALERT] Slow Request: GET /api/members?limit=200","method":"GET","service":"gym-saas-api","status":200,"timestamp":"2026-05-13 17:27:00","url":"/api/members?limit=200","user":"fc140650-8fca-4dd8-9acc-87a688cab169"}
{"duration":"147ms","ip":"::1","level":"info","message":"GET /api/plans - 304","method":"GET","service":"gym-saas-api","status":304,"timestamp":"2026-05-13 17:27:00","url":"/api/plans","user":"fc140650-8fca-4dd8-9acc-87a688cab169"}
{"duration":"287ms","ip":"::1","level":"info","message":"GET /api/members?limit=200 - 304","method":"GET","service":"gym-saas-api","status":304,"timestamp":"2026-05-13 17:27:00","url":"/api/members?limit=200","user":"fc140650-8fca-4dd8-9acc-87a688cab169"}
{"duration":"143ms","ip":"::1","level":"info","message":"GET /api/plans - 304","method":"GET","service":"gym-saas-api","status":304,"timestamp":"2026-05-13 17:27:06","url":"/api/plans","user":"fc140650-8fca-4dd8-9acc-87a688cab169"}
{"duration":"148ms","ip":"::1","level":"info","message":"GET /api/plans - 304","method":"GET","service":"gym-saas-api","status":304,"timestamp":"2026-05-13 17:27:07","url":"/api/plans","user":"fc140650-8fca-4dd8-9acc-87a688cab169"}
{"duration":"145ms","ip":"::1","level":"info","message":"GET /api/payments - 304","method":"GET","service":"gym-saas-api","status":304,"timestamp":"2026-05-13 17:27:12","url":"/api/payments","user":"fc140650-8fca-4dd8-9acc-87a688cab169"}
{"duration":"141ms","ip":"::1","level":"info","message":"GET /api/payments - 304","method":"GET","service":"gym-saas-api","status":304,"timestamp":"2026-05-13 17:27:12","url":"/api/payments","user":"fc140650-8fca-4dd8-9acc-87a688cab169"}
{"duration":"1070ms","ip":"::1","level":"warn","message":"[PERF_ALERT] Slow Request: GET /api/plans","method":"GET","service":"gym-saas-api","status":304,"timestamp":"2026-05-13 17:27:13","url":"/api/plans","user":"fc140650-8fca-4dd8-9acc-87a688cab169"}
{"duration":"1210ms","ip":"::1","level":"warn","message":"[PERF_ALERT] Slow Request: GET /api/members?limit=200","method":"GET","service":"gym-saas-api","status":304,"timestamp":"2026-05-13 17:27:13","url":"/api/members?limit=200","user":"fc140650-8fca-4dd8-9acc-87a688cab169"}
{"duration":"153ms","ip":"::1","level":"info","message":"GET /api/plans - 304","method":"GET","service":"gym-saas-api","status":304,"timestamp":"2026-05-13 17:27:13","url":"/api/plans","user":"fc140650-8fca-4dd8-9acc-87a688cab169"}
{"duration":"290ms","ip":"::1","level":"info","message":"GET /api/members?limit=200 - 304","method":"GET","service":"gym-saas-api","status":304,"timestamp":"2026-05-13 17:27:14","url":"/api/members?limit=200","user":"fc140650-8fca-4dd8-9acc-87a688cab169"}
{"duration":"1226ms","ip":"::1","level":"warn","message":"[PERF_ALERT] Slow Request: GET /api/reports/dashboard","method":"GET","service":"gym-saas-api","status":304,"timestamp":"2026-05-13 17:27:15","url":"/api/reports/dashboard","user":"fc140650-8fca-4dd8-9acc-87a688cab169"}
{"duration":"1217ms","ip":"::1","level":"warn","message":"[PERF_ALERT] Slow Request: GET /api/reports/dashboard","method":"GET","service":"gym-saas-api","status":304,"timestamp":"2026-05-13 17:27:16","url":"/api/reports/dashboard","user":"fc140650-8fca-4dd8-9acc-87a688cab169"}
{"level":"info","message":"Socket Disconnected: User fc140650-8fca-4dd8-9acc-87a688cab169","service":"gym-saas-api","timestamp":"2026-05-13 17:27:19"}
{"level":"info","message":"Initializing Automation Workers (Cron)...","service":"gym-saas-api","timestamp":"2026-05-13 17:27:36"}
{"level":"info","message":"All Background Workers Scheduled.","service":"gym-saas-api","timestamp":"2026-05-13 17:27:36"}
{"level":"info","message":"System Operational on Node Hub: 5000","service":"gym-saas-api","timestamp":"2026-05-13 17:27:36"}
{"level":"warn","message":"Infrastructure Alert: Redis is offline. Background workers (Sync/Notifications) are suspended.","service":"gym-saas-api","timestamp":"2026-05-13 17:27:36"}
