{"level":"info","message":"Initializing Automation Workers (Cron)...","service":"gym-saas-api","timestamp":"2026-05-15 15:34:42"}
{"level":"info","message":"All Background Workers Scheduled.","service":"gym-saas-api","timestamp":"2026-05-15 15:34:42"}
{"level":"info","message":"System Operational on Node Hub: 5000","service":"gym-saas-api","timestamp":"2026-05-15 15:34:43"}
{"level":"warn","message":"Infrastructure Alert: Redis is offline. Background workers (Sync/Notifications) are suspended.","service":"gym-saas-api","timestamp":"2026-05-15 15:34:43"}
{"duration":"1905ms","ip":"::1","level":"warn","message":"[PERF_ALERT] Slow Request: POST /api/auth/login","method":"POST","service":"gym-saas-api","status":200,"timestamp":"2026-05-15 15:35:03","url":"/api/auth/login","user":"anonymous"}
{"level":"info","message":"Socket Connected: User fc140650-8fca-4dd8-9acc-87a688cab169 joined room gym_59122b66-f9e4-4ad7-a189-e5cb3c52d478","service":"gym-saas-api","timestamp":"2026-05-15 15:35:03"}
{"duration":"1210ms","ip":"::1","level":"warn","message":"[PERF_ALERT] Slow Request: GET /api/reports/dashboard","method":"GET","service":"gym-saas-api","status":304,"timestamp":"2026-05-15 15:35:04","url":"/api/reports/dashboard","user":"fc140650-8fca-4dd8-9acc-87a688cab169"}
{"duration":"1147ms","ip":"::1","level":"warn","message":"[PERF_ALERT] Slow Request: GET /api/reports/dashboard","method":"GET","service":"gym-saas-api","status":304,"timestamp":"2026-05-15 15:35:05","url":"/api/reports/dashboard","user":"fc140650-8fca-4dd8-9acc-87a688cab169"}
{"duration":"292ms","ip":"::1","level":"info","message":"GET /api/members - 304","method":"GET","service":"gym-saas-api","status":304,"timestamp":"2026-05-15 15:35:12","url":"/api/members","user":"fc140650-8fca-4dd8-9acc-87a688cab169"}
{"duration":"151ms","ip":"::1","level":"info","message":"GET /api/payments - 304","method":"GET","service":"gym-saas-api","status":304,"timestamp":"2026-05-15 15:35:14","url":"/api/payments","user":"fc140650-8fca-4dd8-9acc-87a688cab169"}
{"duration":"145ms","ip":"::1","level":"info","message":"GET /api/payments - 304","method":"GET","service":"gym-saas-api","status":304,"timestamp":"2026-05-15 15:35:14","url":"/api/payments","user":"fc140650-8fca-4dd8-9acc-87a688cab169"}
{"duration":"1140ms","ip":"::1","level":"warn","message":"[PERF_ALERT] Slow Request: GET /api/plans","method":"GET","service":"gym-saas-api","status":304,"timestamp":"2026-05-15 15:35:15","url":"/api/plans","user":"fc140650-8fca-4dd8-9acc-87a688cab169"}
{"duration":"1201ms","ip":"::1","level":"warn","message":"[PERF_ALERT] Slow Request: GET /api/members?limit=200","method":"GET","service":"gym-saas-api","status":304,"timestamp":"2026-05-15 15:35:15","url":"/api/members?limit=200","user":"fc140650-8fca-4dd8-9acc-87a688cab169"}
{"duration":"156ms","ip":"::1","level":"info","message":"GET /api/plans - 304","method":"GET","service":"gym-saas-api","status":304,"timestamp":"2026-05-15 15:35:15","url":"/api/plans","user":"fc140650-8fca-4dd8-9acc-87a688cab169"}
{"duration":"280ms","ip":"::1","level":"info","message":"GET /api/members?limit=200 - 304","method":"GET","service":"gym-saas-api","status":304,"timestamp":"2026-05-15 15:35:15","url":"/api/members?limit=200","user":"fc140650-8fca-4dd8-9acc-87a688cab169"}
{"duration":"144ms","ip":"::1","level":"info","message":"GET /api/plans - 304","method":"GET","service":"gym-saas-api","status":304,"timestamp":"2026-05-15 15:35:23","url":"/api/plans","user":"fc140650-8fca-4dd8-9acc-87a688cab169"}
{"duration":"141ms","ip":"::1","level":"info","message":"GET /api/plans - 304","method":"GET","service":"gym-saas-api","status":304,"timestamp":"2026-05-15 15:35:23","url":"/api/plans","user":"fc140650-8fca-4dd8-9acc-87a688cab169"}
{"duration":"1110ms","ip":"::1","level":"warn","message":"[PERF_ALERT] Slow Request: GET /api/reports/dashboard","method":"GET","service":"gym-saas-api","status":304,"timestamp":"2026-05-15 15:35:25","url":"/api/reports/dashboard","user":"fc140650-8fca-4dd8-9acc-87a688cab169"}
{"duration":"1118ms","ip":"::1","level":"warn","message":"[PERF_ALERT] Slow Request: GET /api/reports/dashboard","method":"GET","service":"gym-saas-api","status":304,"timestamp":"2026-05-15 15:35:27","url":"/api/reports/dashboard","user":"fc140650-8fca-4dd8-9acc-87a688cab169"}
{"level":"info","message":"Socket Disconnected: User fc140650-8fca-4dd8-9acc-87a688cab169","service":"gym-saas-api","timestamp":"2026-05-15 15:35:28"}
{"level":"info","message":"Initializing Automation Workers (Cron)...","service":"gym-saas-api","timestamp":"2026-05-15 15:38:54"}
{"level":"info","message":"All Background Workers Scheduled.","service":"gym-saas-api","timestamp":"2026-05-15 15:38:54"}
{"level":"info","message":"System Operational on Node Hub: 5000","service":"gym-saas-api","timestamp":"2026-05-15 15:38:54"}
{"level":"warn","message":"Infrastructure Alert: Redis is offline. Background workers (Sync/Notifications) are suspended.","service":"gym-saas-api","timestamp":"2026-05-15 15:38:54"}
{"level":"info","message":"Initializing Automation Workers (Cron)...","service":"gym-saas-api","timestamp":"2026-05-15 15:38:56"}
{"level":"info","message":"All Background Workers Scheduled.","service":"gym-saas-api","timestamp":"2026-05-15 15:38:56"}
{"level":"info","message":"System Operational on Node Hub: 5000","service":"gym-saas-api","timestamp":"2026-05-15 15:38:56"}
{"level":"warn","message":"Infrastructure Alert: Redis is offline. Background workers (Sync/Notifications) are suspended.","service":"gym-saas-api","timestamp":"2026-05-15 15:38:56"}
{"level":"info","message":"Initializing Automation Workers (Cron)...","service":"gym-saas-api","timestamp":"2026-05-15 15:41:24"}
{"level":"info","message":"All Background Workers Scheduled.","service":"gym-saas-api","timestamp":"2026-05-15 15:41:24"}
{"level":"info","message":"System Operational on Node Hub: 5000","service":"gym-saas-api","timestamp":"2026-05-15 15:41:24"}
{"level":"warn","message":"Infrastructure Alert: Redis is offline. Background workers (Sync/Notifications) are suspended.","service":"gym-saas-api","timestamp":"2026-05-15 15:41:24"}
{"level":"info","message":"Initializing Automation Workers (Cron)...","service":"gym-saas-api","timestamp":"2026-05-15 15:41:37"}
{"level":"info","message":"All Background Workers Scheduled.","service":"gym-saas-api","timestamp":"2026-05-15 15:41:37"}
{"level":"info","message":"System Operational on Node Hub: 5000","service":"gym-saas-api","timestamp":"2026-05-15 15:41:37"}
{"level":"warn","message":"Infrastructure Alert: Redis is offline. Background workers (Sync/Notifications) are suspended.","service":"gym-saas-api","timestamp":"2026-05-15 15:41:37"}
{"level":"info","message":"Initializing Automation Workers (Cron)...","service":"gym-saas-api","timestamp":"2026-05-15 15:41:50"}
{"level":"info","message":"All Background Workers Scheduled.","service":"gym-saas-api","timestamp":"2026-05-15 15:41:50"}
{"level":"info","message":"System Operational on Node Hub: 5000","service":"gym-saas-api","timestamp":"2026-05-15 15:41:50"}
{"level":"warn","message":"Infrastructure Alert: Redis is offline. Background workers (Sync/Notifications) are suspended.","service":"gym-saas-api","timestamp":"2026-05-15 15:41:50"}
{"level":"info","message":"Initializing Automation Workers (Cron)...","service":"gym-saas-api","timestamp":"2026-05-15 15:42:02"}
{"level":"info","message":"All Background Workers Scheduled.","service":"gym-saas-api","timestamp":"2026-05-15 15:42:02"}
{"level":"info","message":"System Operational on Node Hub: 5000","service":"gym-saas-api","timestamp":"2026-05-15 15:42:03"}
{"level":"warn","message":"Infrastructure Alert: Redis is offline. Background workers (Sync/Notifications) are suspended.","service":"gym-saas-api","timestamp":"2026-05-15 15:42:03"}
{"level":"info","message":"Initializing Automation Workers (Cron)...","service":"gym-saas-api","timestamp":"2026-05-15 16:02:28"}
{"level":"info","message":"All Background Workers Scheduled.","service":"gym-saas-api","timestamp":"2026-05-15 16:02:28"}
{"level":"info","message":"System Operational on Node Hub: 5000","service":"gym-saas-api","timestamp":"2026-05-15 16:02:28"}
{"level":"warn","message":"Infrastructure Alert: Redis is offline. Background workers (Sync/Notifications) are suspended.","service":"gym-saas-api","timestamp":"2026-05-15 16:02:28"}
{"level":"info","message":"Initializing Automation Workers (Cron)...","service":"gym-saas-api","timestamp":"2026-05-15 17:08:50"}
{"level":"info","message":"All Background Workers Scheduled.","service":"gym-saas-api","timestamp":"2026-05-15 17:08:50"}
{"level":"info","message":"System Operational on Node Hub: 5000","service":"gym-saas-api","timestamp":"2026-05-15 17:08:51"}
{"level":"warn","message":"Infrastructure Alert: Redis is offline. Background workers (Sync/Notifications) are suspended.","service":"gym-saas-api","timestamp":"2026-05-15 17:08:51"}
{"duration":"1775ms","ip":"::1","level":"warn","message":"[PERF_ALERT] Slow Request: POST /api/auth/login","method":"POST","service":"gym-saas-api","status":200,"timestamp":"2026-05-15 17:09:18","url":"/api/auth/login","user":"anonymous"}
{"level":"info","message":"Socket Connected: User b2e5f87a-07ad-4fbe-b613-46556a8b5cc9 joined room gym_3341f8da-3354-496d-bda6-59961ccc6915","service":"gym-saas-api","timestamp":"2026-05-15 17:09:18"}
{"duration":"1379ms","ip":"::1","level":"warn","message":"[PERF_ALERT] Slow Request: GET /api/reports/dashboard","method":"GET","service":"gym-saas-api","status":200,"timestamp":"2026-05-15 17:09:20","url":"/api/reports/dashboard","user":"b2e5f87a-07ad-4fbe-b613-46556a8b5cc9"}
{"duration":"1333ms","ip":"::1","level":"warn","message":"[PERF_ALERT] Slow Request: GET /api/reports/dashboard","method":"GET","service":"gym-saas-api","status":304,"timestamp":"2026-05-15 17:09:21","url":"/api/reports/dashboard","user":"b2e5f87a-07ad-4fbe-b613-46556a8b5cc9"}
{"duration":"719ms","ip":"::1","level":"info","message":"GET /api/members - 200","method":"GET","service":"gym-saas-api","status":200,"timestamp":"2026-05-15 17:09:28","url":"/api/members","user":"b2e5f87a-07ad-4fbe-b613-46556a8b5cc9"}
{"duration":"172ms","ip":"::1","level":"info","message":"GET /api/payments - 200","method":"GET","service":"gym-saas-api","status":200,"timestamp":"2026-05-15 17:09:29","url":"/api/payments","user":"b2e5f87a-07ad-4fbe-b613-46556a8b5cc9"}
{"duration":"169ms","ip":"::1","level":"info","message":"GET /api/payments - 304","method":"GET","service":"gym-saas-api","status":304,"timestamp":"2026-05-15 17:09:29","url":"/api/payments","user":"b2e5f87a-07ad-4fbe-b613-46556a8b5cc9"}
{"duration":"1028ms","ip":"::1","level":"warn","message":"[PERF_ALERT] Slow Request: GET /api/plans","method":"GET","service":"gym-saas-api","status":200,"timestamp":"2026-05-15 17:09:30","url":"/api/plans","user":"b2e5f87a-07ad-4fbe-b613-46556a8b5cc9"}
{"duration":"1180ms","ip":"::1","level":"warn","message":"[PERF_ALERT] Slow Request: GET /api/members?limit=200","method":"GET","service":"gym-saas-api","status":200,"timestamp":"2026-05-15 17:09:30","url":"/api/members?limit=200","user":"b2e5f87a-07ad-4fbe-b613-46556a8b5cc9"}
{"duration":"163ms","ip":"::1","level":"info","message":"GET /api/plans - 304","method":"GET","service":"gym-saas-api","status":304,"timestamp":"2026-05-15 17:09:30","url":"/api/plans","user":"b2e5f87a-07ad-4fbe-b613-46556a8b5cc9"}
{"duration":"299ms","ip":"::1","level":"info","message":"GET /api/members?limit=200 - 304","method":"GET","service":"gym-saas-api","status":304,"timestamp":"2026-05-15 17:09:30","url":"/api/members?limit=200","user":"b2e5f87a-07ad-4fbe-b613-46556a8b5cc9"}
{"duration":"151ms","ip":"::1","level":"info","message":"GET /api/plans - 304","method":"GET","service":"gym-saas-api","status":304,"timestamp":"2026-05-15 17:09:32","url":"/api/plans","user":"b2e5f87a-07ad-4fbe-b613-46556a8b5cc9"}
{"duration":"150ms","ip":"::1","level":"info","message":"GET /api/plans - 304","method":"GET","service":"gym-saas-api","status":304,"timestamp":"2026-05-15 17:09:32","url":"/api/plans","user":"b2e5f87a-07ad-4fbe-b613-46556a8b5cc9"}
{"level":"info","message":"Socket Disconnected: User b2e5f87a-07ad-4fbe-b613-46556a8b5cc9","service":"gym-saas-api","timestamp":"2026-05-15 17:09:36"}
{"level":"info","message":"Initializing Automation Workers (Cron)...","service":"gym-saas-api","timestamp":"2026-05-15 17:12:16"}
{"level":"info","message":"All Background Workers Scheduled.","service":"gym-saas-api","timestamp":"2026-05-15 17:12:16"}
{"level":"info","message":"System Operational on Node Hub: 5000","service":"gym-saas-api","timestamp":"2026-05-15 17:12:16"}
{"level":"warn","message":"Infrastructure Alert: Redis is offline. Background workers (Sync/Notifications) are suspended.","service":"gym-saas-api","timestamp":"2026-05-15 17:12:16"}
{"level":"info","message":"Initializing Automation Workers (Cron)...","service":"gym-saas-api","timestamp":"2026-05-15 17:14:21"}
{"level":"info","message":"All Background Workers Scheduled.","service":"gym-saas-api","timestamp":"2026-05-15 17:14:21"}
{"level":"info","message":"System Operational on Node Hub: 5000","service":"gym-saas-api","timestamp":"2026-05-15 17:14:21"}
{"level":"warn","message":"Infrastructure Alert: Redis is offline. Background workers (Sync/Notifications) are suspended.","service":"gym-saas-api","timestamp":"2026-05-15 17:14:21"}
{"level":"info","message":"Initializing Automation Workers (Cron)...","service":"gym-saas-api","timestamp":"2026-05-15 17:18:42"}
{"level":"info","message":"All Background Workers Scheduled.","service":"gym-saas-api","timestamp":"2026-05-15 17:18:42"}
{"level":"info","message":"System Operational on Node Hub: 5000","service":"gym-saas-api","timestamp":"2026-05-15 17:18:42"}
{"level":"warn","message":"Infrastructure Alert: Redis is offline. Background workers (Sync/Notifications) are suspended.","service":"gym-saas-api","timestamp":"2026-05-15 17:18:42"}
